<?xml version="1.0" encoding="UTF-8"?>
<testsuite xmlns:xsi="http://www.w3.org/2001/XMLSchema-instance" xsi:noNamespaceSchemaLocation="https://maven.apache.org/surefire/maven-surefire-plugin/xsd/surefire-test-report-3.0.xsd" version="3.0" name="com.voxstream.frontend.VoxStreamApplicationTest" time="0.014" tests="4" errors="0" skipped="0" failures="0">
  <properties>
[...]
</properties>
  <testcase name="testApplicationHasMainMethod" classname="com.voxstream.frontend.VoxStreamApplicationTest" time="0.006"/>
  <testcase name="architecture64Bit" classname="com.voxstream.frontend.VoxStreamApplicationTest" time="0.002"/>
  <testcase name="testApplicationClassExists" classname="com.voxstream.frontend.VoxStreamApplicationTest" time="0.001"/>
  <testcase name="javaVersionCompatibility" classname="com.voxstream.frontend.VoxStreamApplicationTest" time="0.001"/>
</testsuite>