<?xml version="1.0" encoding="UTF-8"?>
<testsuite xmlns:xsi="http://www.w3.org/2001/XMLSchema-instance" xsi:noNamespaceSchemaLocation="https://maven.apache.org/surefire/maven-surefire-plugin/xsd/surefire-test-report-3.0.xsd" version="3.0" name="com.voxstream.core.platform.PlatformConnectionManagerBackoffTest" time="13.165" tests="3" errors="0" skipped="0" failures="0">
  <properties>
[...]
</properties>
  <testcase name="jitterAppliedWithinRange" classname="com.voxstream.core.platform.PlatformConnectionManagerBackoffTest" time="0.731"/>
  <testcase name="backoffGrowthAndReset" classname="com.voxstream.core.platform.PlatformConnectionManagerBackoffTest" time="11.648"/>
  <testcase name="fatalStopsReconnection" classname="com.voxstream.core.platform.PlatformConnectionManagerBackoffTest" time="0.782"/>
</testsuite>