<?xml version="1.0" encoding="UTF-8"?>
<testsuite xmlns:xsi="http://www.w3.org/2001/XMLSchema-instance" xsi:noNamespaceSchemaLocation="https://maven.apache.org/surefire/maven-surefire-plugin/xsd/surefire-test-report-3.0.xsd" version="3.0" name="com.voxstream.core.config.profile.ProfileServiceTest" time="0.12" tests="5" errors="0" skipped="0" failures="0">
  <properties>
[...]
</properties>
  <testcase name="listAndDelete" classname="com.voxstream.core.config.profile.ProfileServiceTest" time="0.031"/>
  <testcase name="defaultProfileAutoApply" classname="com.voxstream.core.config.profile.ProfileServiceTest" time="0.035"/>
  <testcase name="checksumStable" classname="com.voxstream.core.config.profile.ProfileServiceTest" time="0.016"/>
  <testcase name="invalidNameRejected" classname="com.voxstream.core.config.profile.ProfileServiceTest" time="0.011"/>
  <testcase name="profileRoundTrip" classname="com.voxstream.core.config.profile.ProfileServiceTest" time="0.019"/>
</testsuite>